Mplus VERSION 8.10 (Mac)
MUTHEN & MUTHEN
10/22/2023  10:12 PM

INPUT INSTRUCTIONS

  TITLE:     this is an example of a CFA with categorical factor indicators

  DATA:      FILE IS CDI1.csv;

  VARIABLE:  NAMES ARE T11-T19 T110-T119 T120-T127
                       T21-T29 T210-T219 T220-T227;
             CATEGORICAL ARE T11-T19 T110-T119 T120-T127;
             USEVARIABLES ARE T11-T19 T110-T119 T120-T127;

  ANALYSIS: ESTIMATOR = WLSMV;

  MODEL:
           f1 BY T11-T127*1;

             f1@1;

             [f1@0];


  OUTPUT:    TECH1 TECH4;



INPUT READING TERMINATED NORMALLY



this is an example of a CFA with categorical factor indicators

SUMMARY OF ANALYSIS

Number of groups                                                 1
Number of observations                                         215

Number of dependent variables                                   27
Number of independent variables                                  0
Number of continuous latent variables                            1

Observed dependent variables

  Binary and ordered categorical (ordinal)
   T11         T12         T13         T14         T15         T16
   T17         T18         T19         T110        T111        T112
   T113        T114        T115        T116        T117        T118
   T119        T120        T121        T122        T123        T124
   T125        T126        T127

Continuous latent variables
   F1


Estimator                                                    WLSMV
Maximum number of iterations                                  1000
Convergence criterion                                    0.500D-04
Maximum number of steepest descent iterations                   20
Parameterization                                             DELTA
Link                                                        PROBIT

Input data file(s)
  CDI1.csv

Input data format  FREE


UNIVARIATE PROPORTIONS AND COUNTS FOR CATEGORICAL VARIABLES

    T11
      Category 1    0.921          198.000
      Category 2    0.079           17.000
    T12
      Category 1    0.791          170.000
      Category 2    0.209           45.000
    T13
      Category 1    0.907          195.000
      Category 2    0.093           20.000
    T14
      Category 1    0.707          152.000
      Category 2    0.293           63.000
    T15
      Category 1    0.884          190.000
      Category 2    0.116           25.000
    T16
      Category 1    0.674          145.000
      Category 2    0.326           70.000
    T17
      Category 1    0.921          198.000
      Category 2    0.079           17.000
    T18
      Category 1    0.786          169.000
      Category 2    0.214           46.000
    T19
      Category 1    0.870          187.000
      Category 2    0.130           28.000
    T110
      Category 1    0.916          197.000
      Category 2    0.084           18.000
    T111
      Category 1    0.670          144.000
      Category 2    0.330           71.000
    T112
      Category 1    0.842          181.000
      Category 2    0.158           34.000
    T113
      Category 1    0.419           90.000
      Category 2    0.581          125.000
    T114
      Category 1    0.740          159.000
      Category 2    0.260           56.000
    T115
      Category 1    0.665          143.000
      Category 2    0.335           72.000
    T116
      Category 1    0.763          164.000
      Category 2    0.237           51.000
    T117
      Category 1    0.572          123.000
      Category 2    0.428           92.000
    T118
      Category 1    0.707          152.000
      Category 2    0.293           63.000
    T119
      Category 1    0.814          175.000
      Category 2    0.186           40.000
    T120
      Category 1    0.800          172.000
      Category 2    0.200           43.000
    T121
      Category 1    0.684          147.000
      Category 2    0.316           68.000
    T122
      Category 1    0.847          182.000
      Category 2    0.153           33.000
    T123
      Category 1    0.814          175.000
      Category 2    0.186           40.000
    T124
      Category 1    0.674          145.000
      Category 2    0.326           70.000
    T125
      Category 1    0.953          205.000
      Category 2    0.047           10.000
    T126
      Category 1    0.758          163.000
      Category 2    0.242           52.000
    T127
      Category 1    0.907          195.000
      Category 2    0.093           20.000


     WARNING:  THE BIVARIATE TABLE OF T125 AND T122 HAS AN EMPTY CELL.


     THIS ANALYSIS MAY HAVE MULTIPLE SOLUTIONS.  EXPLORE THIS USING RANDOM STARTS,
     FOR EXAMPLE, STARTS = 20.  USE A LARGE ENOUGH NUMBER OF STARTS SO THAT THE
     BEST FIT FUNCTION VALUE IS REPLICATED SEVERAL TIMES.


THE MODEL ESTIMATION TERMINATED NORMALLY



MODEL FIT INFORMATION

Number of Free Parameters                       54

Chi-Square Test of Model Fit

          Value                            396.352*
          Degrees of Freedom                   324
          P-Value                           0.0037

*   The chi-square value for MLM, MLMV, MLR, ULSMV, WLSM and WLSMV cannot be used
    for chi-square difference testing in the regular way.  MLM, MLR and WLSM
    chi-square difference testing is described on the Mplus website.  MLMV, WLSMV,
    and ULSMV difference testing is done using the DIFFTEST option.

RMSEA (Root Mean Square Error Of Approximation)

          Estimate                           0.032
          90 Percent C.I.                    0.019  0.043
          Probability RMSEA <= .05           0.998

CFI/TLI

          CFI                                0.938
          TLI                                0.933

Chi-Square Test of Model Fit for the Baseline Model

          Value                           1523.880
          Degrees of Freedom                   351
          P-Value                           0.0000

SRMR (Standardized Root Mean Square Residual)

          Value                              0.125

Optimum Function Value for Weighted Least-Squares Estimator

          Value                     0.83961952D+00



MODEL RESULTS

                                                    Two-Tailed
                    Estimate       S.E.  Est./S.E.    P-Value

 F1       BY
    T11                0.775      0.080      9.747      0.000
    T12                0.635      0.072      8.785      0.000
    T13                0.615      0.096      6.425      0.000
    T14                0.523      0.079      6.630      0.000
    T15                0.567      0.086      6.586      0.000
    T16                0.476      0.084      5.692      0.000
    T17                0.696      0.088      7.934      0.000
    T18                0.637      0.075      8.515      0.000
    T19                0.689      0.074      9.358      0.000
    T110               0.823      0.062     13.271      0.000
    T111               0.777      0.052     15.085      0.000
    T112               0.555      0.091      6.074      0.000
    T113               0.531      0.077      6.892      0.000
    T114               0.538      0.079      6.781      0.000
    T115               0.459      0.084      5.492      0.000
    T116               0.645      0.073      8.835      0.000
    T117               0.693      0.058     12.021      0.000
    T118               0.412      0.089      4.636      0.000
    T119               0.388      0.095      4.078      0.000
    T120               0.813      0.055     14.863      0.000
    T121               0.343      0.090      3.822      0.000
    T122               0.360      0.103      3.482      0.000
    T123               0.487      0.089      5.454      0.000
    T124               0.563      0.075      7.504      0.000
    T125               0.563      0.093      6.036      0.000
    T126               0.530      0.085      6.252      0.000
    T127               0.693      0.092      7.500      0.000

 Means
    F1                 0.000      0.000    999.000    999.000

 Thresholds
    T11$1              1.411      0.125     11.301      0.000
    T12$1              0.809      0.096      8.386      0.000
    T13$1              1.322      0.119     11.109      0.000
    T14$1              0.545      0.090      6.034      0.000
    T15$1              1.194      0.112     10.683      0.000
    T16$1              0.452      0.089      5.096      0.000
    T17$1              1.411      0.125     11.301      0.000
    T18$1              0.793      0.096      8.259      0.000
    T19$1              1.125      0.108     10.384      0.000
    T110$1             1.380      0.123     11.244      0.000
    T111$1             0.439      0.089      4.961      0.000
    T112$1             1.002      0.103      9.724      0.000
    T113$1            -0.205      0.086     -2.385      0.017
    T114$1             0.642      0.092      6.963      0.000
    T115$1             0.426      0.088      4.826      0.000
    T116$1             0.715      0.094      7.616      0.000
    T117$1             0.182      0.086      2.113      0.035
    T118$1             0.545      0.090      6.034      0.000
    T119$1             0.893      0.099      9.009      0.000
    T120$1             0.842      0.097      8.637      0.000
    T121$1             0.478      0.089      5.365      0.000
    T122$1             1.022      0.104      9.838      0.000
    T123$1             0.893      0.099      9.009      0.000
    T124$1             0.452      0.089      5.096      0.000
    T125$1             1.680      0.148     11.384      0.000
    T126$1             0.700      0.094      7.486      0.000
    T127$1             1.322      0.119     11.109      0.000

 Variances
    F1                 1.000      0.000    999.000    999.000


QUALITY OF NUMERICAL RESULTS

     Condition Number for the Information Matrix              0.353E-01
       (ratio of smallest to largest eigenvalue)


IRT PARAMETERIZATION

                                                    Two-Tailed
                    Estimate       S.E.  Est./S.E.    P-Value

 Item Discriminations

 F1       BY
    T11                1.226      0.315      3.892      0.000
    T12                0.823      0.157      5.238      0.000
    T13                0.779      0.195      3.997      0.000
    T14                0.613      0.127      4.817      0.000
    T15                0.689      0.154      4.466      0.000
    T16                0.541      0.123      4.403      0.000
    T17                0.969      0.237      4.093      0.000
    T18                0.826      0.163      5.062      0.000
    T19                0.952      0.194      4.910      0.000
    T110               1.451      0.340      4.274      0.000
    T111               1.234      0.206      5.980      0.000
    T112               0.668      0.159      4.200      0.000
    T113               0.627      0.127      4.949      0.000
    T114               0.638      0.133      4.817      0.000
    T115               0.517      0.119      4.334      0.000
    T116               0.843      0.163      5.165      0.000
    T117               0.961      0.154      6.249      0.000
    T118               0.452      0.117      3.851      0.000
    T119               0.420      0.121      3.466      0.001
    T120               1.399      0.278      5.028      0.000
    T121               0.365      0.108      3.372      0.001
    T122               0.386      0.127      3.031      0.002
    T123               0.558      0.134      4.160      0.000
    T124               0.681      0.133      5.125      0.000
    T125               0.681      0.165      4.123      0.000
    T126               0.625      0.139      4.496      0.000
    T127               0.961      0.247      3.898      0.000

 Means
    F1                 0.000      0.000      0.000      1.000

 Item Difficulties
    T11$1              1.821      0.266      6.844      0.000
    T12$1              1.273      0.220      5.776      0.000
    T13$1              2.151      0.411      5.237      0.000
    T14$1              1.041      0.237      4.390      0.000
    T15$1              2.104      0.401      5.250      0.000
    T16$1              0.950      0.255      3.719      0.000
    T17$1              2.028      0.337      6.027      0.000
    T18$1              1.245      0.220      5.661      0.000
    T19$1              1.632      0.253      6.443      0.000
    T110$1             1.677      0.215      7.782      0.000
    T111$1             0.565      0.121      4.682      0.000
    T112$1             1.804      0.364      4.953      0.000
    T113$1            -0.387      0.174     -2.224      0.026
    T114$1             1.193      0.254      4.694      0.000
    T115$1             0.929      0.261      3.560      0.000
    T116$1             1.110      0.200      5.545      0.000
    T117$1             0.262      0.125      2.092      0.036
    T118$1             1.323      0.366      3.614      0.000
    T119$1             2.303      0.637      3.613      0.000
    T120$1             1.035      0.145      7.154      0.000
    T121$1             1.393      0.455      3.062      0.002
    T122$1             2.838      0.881      3.220      0.001
    T123$1             1.833      0.408      4.493      0.000
    T124$1             0.803      0.195      4.112      0.000
    T125$1             2.983      0.614      4.862      0.000
    T126$1             1.321      0.286      4.615      0.000
    T127$1             1.908      0.326      5.857      0.000

 Variances
    F1                 1.000      0.000      0.000      1.000


R-SQUARE

    Observed                   Residual
    Variable        Estimate   Variance

    T11                0.601      0.399
    T12                0.404      0.596
    T13                0.378      0.622
    T14                0.273      0.727
    T15                0.322      0.678
    T16                0.226      0.774
    T17                0.484      0.516
    T18                0.406      0.594
    T19                0.475      0.525
    T110               0.678      0.322
    T111               0.604      0.396
    T112               0.308      0.692
    T113               0.282      0.718
    T114               0.290      0.710
    T115               0.211      0.789
    T116               0.415      0.585
    T117               0.480      0.520
    T118               0.169      0.831
    T119               0.150      0.850
    T120               0.662      0.338
    T121               0.118      0.882
    T122               0.130      0.870
    T123               0.237      0.763
    T124               0.317      0.683
    T125               0.317      0.683
    T126               0.281      0.719
    T127               0.480      0.520


TECHNICAL 1 OUTPUT


     PARAMETER SPECIFICATION


           TAU
              T11$1         T12$1         T13$1         T14$1         T15$1
              ________      ________      ________      ________      ________
                  1             2             3             4             5


           TAU
              T16$1         T17$1         T18$1         T19$1         T110$1
              ________      ________      ________      ________      ________
                  6             7             8             9            10


           TAU
              T111$1        T112$1        T113$1        T114$1        T115$1
              ________      ________      ________      ________      ________
                 11            12            13            14            15


           TAU
              T116$1        T117$1        T118$1        T119$1        T120$1
              ________      ________      ________      ________      ________
                 16            17            18            19            20


           TAU
              T121$1        T122$1        T123$1        T124$1        T125$1
              ________      ________      ________      ________      ________
                 21            22            23            24            25


           TAU
              T126$1        T127$1
              ________      ________
                 26            27


           NU
              T11           T12           T13           T14           T15
              ________      ________      ________      ________      ________
                  0             0             0             0             0


           NU
              T16           T17           T18           T19           T110
              ________      ________      ________      ________      ________
                  0             0             0             0             0


           NU
              T111          T112          T113          T114          T115
              ________      ________      ________      ________      ________
                  0             0             0             0             0


           NU
              T116          T117          T118          T119          T120
              ________      ________      ________      ________      ________
                  0             0             0             0             0


           NU
              T121          T122          T123          T124          T125
              ________      ________      ________      ________      ________
                  0             0             0             0             0


           NU
              T126          T127
              ________      ________
                  0             0


           LAMBDA
              F1
              ________
 T11               28
 T12               29
 T13               30
 T14               31
 T15               32
 T16               33
 T17               34
 T18               35
 T19               36
 T110              37
 T111              38
 T112              39
 T113              40
 T114              41
 T115              42
 T116              43
 T117              44
 T118              45
 T119              46
 T120              47
 T121              48
 T122              49
 T123              50
 T124              51
 T125              52
 T126              53
 T127              54


           ALPHA
              F1
              ________
                  0


           BETA
              F1
              ________
 F1                 0


           PSI
              F1
              ________
 F1                 0


     STARTING VALUES


           TAU
              T11$1         T12$1         T13$1         T14$1         T15$1
              ________      ________      ________      ________      ________
                1.411         0.809         1.322         0.545         1.194


           TAU
              T16$1         T17$1         T18$1         T19$1         T110$1
              ________      ________      ________      ________      ________
                0.452         1.411         0.793         1.125         1.380


           TAU
              T111$1        T112$1        T113$1        T114$1        T115$1
              ________      ________      ________      ________      ________
                0.439         1.002        -0.205         0.642         0.426


           TAU
              T116$1        T117$1        T118$1        T119$1        T120$1
              ________      ________      ________      ________      ________
                0.715         0.182         0.545         0.893         0.842


           TAU
              T121$1        T122$1        T123$1        T124$1        T125$1
              ________      ________      ________      ________      ________
                0.478         1.022         0.893         0.452         1.680


           TAU
              T126$1        T127$1
              ________      ________
                0.700         1.322


           NU
              T11           T12           T13           T14           T15
              ________      ________      ________      ________      ________
                0.000         0.000         0.000         0.000         0.000


           NU
              T16           T17           T18           T19           T110
              ________      ________      ________      ________      ________
                0.000         0.000         0.000         0.000         0.000


           NU
              T111          T112          T113          T114          T115
              ________      ________      ________      ________      ________
                0.000         0.000         0.000         0.000         0.000


           NU
              T116          T117          T118          T119          T120
              ________      ________      ________      ________      ________
                0.000         0.000         0.000         0.000         0.000


           NU
              T121          T122          T123          T124          T125
              ________      ________      ________      ________      ________
                0.000         0.000         0.000         0.000         0.000


           NU
              T126          T127
              ________      ________
                0.000         0.000


           LAMBDA
              F1
              ________
 T11            1.000
 T12            1.000
 T13            1.000
 T14            1.000
 T15            1.000
 T16            1.000
 T17            1.000
 T18            1.000
 T19            1.000
 T110           1.000
 T111           1.000
 T112           1.000
 T113           1.000
 T114           1.000
 T115           1.000
 T116           1.000
 T117           1.000
 T118           1.000
 T119           1.000
 T120           1.000
 T121           1.000
 T122           1.000
 T123           1.000
 T124           1.000
 T125           1.000
 T126           1.000
 T127           1.000


           ALPHA
              F1
              ________
                0.000


           BETA
              F1
              ________
 F1             0.000


           PSI
              F1
              ________
 F1             1.000


TECHNICAL 4 OUTPUT


     ESTIMATES DERIVED FROM THE MODEL


           ESTIMATED MEANS FOR THE LATENT VARIABLES
              F1
              ________
                0.000


           ESTIMATED COVARIANCE MATRIX FOR THE LATENT VARIABLES
              F1
              ________
 F1             1.000


           ESTIMATED CORRELATION MATRIX FOR THE LATENT VARIABLES
              F1
              ________
 F1             1.000


     ESTIMATES DERIVED FROM THE MODEL


           S.E. FOR ESTIMATED MEANS FOR THE LATENT VARIABLES
              F1
              ________
                0.000


           EST./S.E. FOR ESTIMATED MEANS FOR THE LATENT VARIABLES
              F1
              ________
                0.000


           TWO-TAILED P-VALUE FOR ESTIMATED MEANS FOR THE LATENT VARIABLES
              F1
              ________
                1.000


           S.E. FOR ESTIMATED COVARIANCE MATRIX FOR THE LATENT VARIABLES
              F1
              ________
 F1             0.000


           EST./S.E. FOR ESTIMATED COVARIANCE MATRIX FOR THE LATENT VARIABLES
              F1
              ________
 F1       ***********


           TWO-TAILED P-VALUE FOR ESTIMATED COVARIANCE MATRIX FOR THE LATENT VARIABLES
              F1
              ________
 F1             0.000


           S.E. FOR ESTIMATED CORRELATION MATRIX FOR THE LATENT VARIABLES
              F1
              ________
 F1             0.000


           EST./S.E. FOR ESTIMATED CORRELATION MATRIX FOR THE LATENT VARIABLES
              F1
              ________
 F1           999.000


           TWO-TAILED P-VALUE FOR ESTIMATED CORRELATION MATRIX FOR THE LATENT VARIABLES
              F1
              ________
 F1             0.000


     Beginning Time:  22:12:08
        Ending Time:  22:12:09
       Elapsed Time:  00:00:01



MUTHEN & MUTHEN
3463 Stoner Ave.
Los Angeles, CA  90066

Tel: (310) 391-9971
Fax: (310) 391-8971
Web: www.StatModel.com
Support: Support@StatModel.com

Copyright (c) 1998-2023 Muthen & Muthen
